app/build/intermediates/manifest_merge_blame_file/release/manifest-merger-blame-release-report.txt
1<?xml version="1.0" encoding="utf-8"?>
2<manifest xmlns:android="http://schemas.android.com/apk/res/android"
3    package="fullpagedeveloper.com.googleauthwithbackend"
4    android:versionCode="1"
5    android:versionName="1.0" >
6
7    <uses-sdk
8        android:minSdkVersion="16"
8-->src/main/AndroidManifest.xml
9        android:targetSdkVersion="29" />
9-->src/main/AndroidManifest.xml
10
11    <uses-permission android:name="android.permission.INTERNET" />
11-->src/main/AndroidManifest.xml:6:5-67
11-->src/main/AndroidManifest.xml:6:22-64
12
13    <application
13-->src/main/AndroidManifest.xml:8:5-29:19
14        android:name="androidx.multidex.MultiDexApplication"
15        android:allowBackup="true"
15-->src/main/AndroidManifest.xml:9:9-35
16        android:appComponentFactory="androidx.core.app.CoreComponentFactory"
16-->[androidx.core:core:1.2.0] AndroidManifest.xml:24:18-86
17        android:forceDarkAllowed="true"
17-->src/main/AndroidManifest.xml:15:9-40
18        android:icon="@mipmap/ic_launcher"
18-->src/main/AndroidManifest.xml:10:9-43
19        android:label="@string/app_name"
19-->src/main/AndroidManifest.xml:11:9-41
20        android:roundIcon="@mipmap/ic_launcher_round"
20-->src/main/AndroidManifest.xml:12:9-54
21        android:supportsRtl="true"
21-->src/main/AndroidManifest.xml:13:9-35
22        android:testOnly="true"
23        android:theme="@style/AppTheme" >
23-->src/main/AndroidManifest.xml:14:9-40
24        <activity
24-->src/main/AndroidManifest.xml:16:9-20:20
25            android:name="fullpagedeveloper.com.googleauthwithbackend.SignInWithEmailActivity"
25-->src/main/AndroidManifest.xml:16:19-58
26            android:screenOrientation="fullSensor"
26-->src/main/AndroidManifest.xml:18:13-51
27            android:theme="@style/AppTheme.NoActionBar"
27-->src/main/AndroidManifest.xml:17:13-56
28            android:windowSoftInputMode="adjustResize" >
28-->src/main/AndroidManifest.xml:19:13-55
29        </activity>
30        <activity android:name="fullpagedeveloper.com.googleauthwithbackend.HomeActivity" />
30-->src/main/AndroidManifest.xml:21:9-50
30-->src/main/AndroidManifest.xml:21:19-47
31        <activity android:name="fullpagedeveloper.com.googleauthwithbackend.MainActivity" >
31-->src/main/AndroidManifest.xml:22:9-28:20
31-->src/main/AndroidManifest.xml:22:19-47
32            <intent-filter>
32-->src/main/AndroidManifest.xml:23:13-27:29
33                <action android:name="android.intent.action.MAIN" />
33-->src/main/AndroidManifest.xml:24:17-69
33-->src/main/AndroidManifest.xml:24:25-66
34
35                <category android:name="android.intent.category.LAUNCHER" />
35-->src/main/AndroidManifest.xml:26:17-77
35-->src/main/AndroidManifest.xml:26:27-74
36            </intent-filter>
37        </activity>
38        <activity
38-->[com.facebook.android:facebook-common:4.42.0] AndroidManifest.xml:29:9-32:66
39            android:name="com.facebook.FacebookActivity"
39-->[com.facebook.android:facebook-common:4.42.0] AndroidManifest.xml:30:13-57
40            android:configChanges="keyboard|keyboardHidden|screenLayout|screenSize|orientation"
40-->[com.facebook.android:facebook-common:4.42.0] AndroidManifest.xml:31:13-96
41            android:theme="@style/com_facebook_activity_theme" />
41-->[com.facebook.android:facebook-common:4.42.0] AndroidManifest.xml:32:13-63
42        <activity android:name="com.facebook.CustomTabMainActivity" />
42-->[com.facebook.android:facebook-common:4.42.0] AndroidManifest.xml:33:9-71
42-->[com.facebook.android:facebook-common:4.42.0] AndroidManifest.xml:33:19-68
43        <activity android:name="com.facebook.CustomTabActivity" />
43-->[com.facebook.android:facebook-common:4.42.0] AndroidManifest.xml:34:9-67
43-->[com.facebook.android:facebook-common:4.42.0] AndroidManifest.xml:34:19-64
44        <activity
44-->[com.google.firebase:firebase-auth:19.3.0] AndroidManifest.xml:24:9-31:50
45            android:name="com.google.firebase.auth.internal.FederatedSignInActivity"
45-->[com.google.firebase:firebase-auth:19.3.0] AndroidManifest.xml:25:13-85
46            android:excludeFromRecents="true"
46-->[com.google.firebase:firebase-auth:19.3.0] AndroidManifest.xml:26:13-46
47            android:exported="true"
47-->[com.google.firebase:firebase-auth:19.3.0] AndroidManifest.xml:27:13-36
48            android:launchMode="singleTask"
48-->[com.google.firebase:firebase-auth:19.3.0] AndroidManifest.xml:28:13-44
49            android:permission="com.google.firebase.auth.api.gms.permission.LAUNCH_FEDERATED_SIGN_IN"
49-->[com.google.firebase:firebase-auth:19.3.0] AndroidManifest.xml:29:13-102
50            android:theme="@android:style/Theme.Translucent.NoTitleBar" />
50-->[com.google.firebase:firebase-auth:19.3.0] AndroidManifest.xml:30:13-72
51
52        <service
52-->[com.google.firebase:firebase-auth:19.3.0] AndroidManifest.xml:33:9-39:19
53            android:name="com.google.firebase.components.ComponentDiscoveryService"
53-->[com.google.firebase:firebase-auth:19.3.0] AndroidManifest.xml:34:13-84
54            android:directBootAware="true"
54-->[com.google.firebase:firebase-common:19.3.0] AndroidManifest.xml:34:13-43
55            android:exported="false" >
55-->[com.google.firebase:firebase-auth:19.3.0] AndroidManifest.xml:35:13-37
56            <meta-data
56-->[com.google.firebase:firebase-auth:19.3.0] AndroidManifest.xml:36:13-38:85
57                android:name="com.google.firebase.components:com.google.firebase.auth.FirebaseAuthRegistrar"
57-->[com.google.firebase:firebase-auth:19.3.0] AndroidManifest.xml:37:17-109
58                android:value="com.google.firebase.components.ComponentRegistrar" />
58-->[com.google.firebase:firebase-auth:19.3.0] AndroidManifest.xml:38:17-82
59        </service>
60
61        <activity
61-->[com.google.android.gms:play-services-auth:18.0.0] AndroidManifest.xml:23:9-27:75
62            android:name="com.google.android.gms.auth.api.signin.internal.SignInHubActivity"
62-->[com.google.android.gms:play-services-auth:18.0.0] AndroidManifest.xml:24:13-93
63            android:excludeFromRecents="true"
63-->[com.google.android.gms:play-services-auth:18.0.0] AndroidManifest.xml:25:13-46
64            android:exported="false"
64-->[com.google.android.gms:play-services-auth:18.0.0] AndroidManifest.xml:26:13-37
65            android:theme="@android:style/Theme.Translucent.NoTitleBar" />
65-->[com.google.android.gms:play-services-auth:18.0.0] AndroidManifest.xml:27:13-72
66        <!--
67            Service handling Google Sign-In user revocation. For apps that do not integrate with
68            Google Sign-In, this service will never be started.
69        -->
70        <service
70-->[com.google.android.gms:play-services-auth:18.0.0] AndroidManifest.xml:33:9-36:110
71            android:name="com.google.android.gms.auth.api.signin.RevocationBoundService"
71-->[com.google.android.gms:play-services-auth:18.0.0] AndroidManifest.xml:34:13-89
72            android:exported="true"
72-->[com.google.android.gms:play-services-auth:18.0.0] AndroidManifest.xml:35:13-36
73            android:permission="com.google.android.gms.auth.api.signin.permission.REVOCATION_NOTIFICATION" />
73-->[com.google.android.gms:play-services-auth:18.0.0] AndroidManifest.xml:36:13-107
74
75        <activity
75-->[com.google.android.gms:play-services-base:17.1.0] AndroidManifest.xml:23:9-26:75
76            android:name="com.google.android.gms.common.api.GoogleApiActivity"
76-->[com.google.android.gms:play-services-base:17.1.0] AndroidManifest.xml:24:13-79
77            android:exported="false"
77-->[com.google.android.gms:play-services-base:17.1.0] AndroidManifest.xml:25:13-37
78            android:theme="@android:style/Theme.Translucent.NoTitleBar" />
78-->[com.google.android.gms:play-services-base:17.1.0] AndroidManifest.xml:26:13-72
79
80        <provider
80-->[com.google.firebase:firebase-common:19.3.0] AndroidManifest.xml:26:9-30:39
81            android:name="com.google.firebase.provider.FirebaseInitProvider"
81-->[com.google.firebase:firebase-common:19.3.0] AndroidManifest.xml:27:13-77
82            android:authorities="fullpagedeveloper.com.googleauthwithbackend.firebaseinitprovider"
82-->[com.google.firebase:firebase-common:19.3.0] AndroidManifest.xml:28:13-72
83            android:exported="false"
83-->[com.google.firebase:firebase-common:19.3.0] AndroidManifest.xml:29:13-37
84            android:initOrder="100" />
84-->[com.google.firebase:firebase-common:19.3.0] AndroidManifest.xml:30:13-36
85
86        <meta-data
86-->[com.google.android.gms:play-services-basement:17.1.1] AndroidManifest.xml:23:9-25:69
87            android:name="com.google.android.gms.version"
87-->[com.google.android.gms:play-services-basement:17.1.1] AndroidManifest.xml:24:13-58
88            android:value="@integer/google_play_services_version" />
88-->[com.google.android.gms:play-services-basement:17.1.1] AndroidManifest.xml:25:13-66
89        <!--
90         The initialization ContentProvider will call FacebookSdk.sdkInitialize automatically
91         with the application context. This config is merged in with the host app's manifest,
92         but there can only be one provider with the same authority activated at any given
93         point; so if the end user has two or more different apps that use Facebook SDK, only the
94         first one will be able to use the provider. To work around this problem, we use the
95         following placeholder in the authority to identify each host application as if it was
96         a completely different provider.
97        -->
98        <provider
98-->[com.facebook.android:facebook-core:4.42.0] AndroidManifest.xml:39:9-42:40
99            android:name="com.facebook.internal.FacebookInitProvider"
99-->[com.facebook.android:facebook-core:4.42.0] AndroidManifest.xml:40:13-70
100            android:authorities="fullpagedeveloper.com.googleauthwithbackend.FacebookInitProvider"
100-->[com.facebook.android:facebook-core:4.42.0] AndroidManifest.xml:41:13-72
101            android:exported="false" />
101-->[com.facebook.android:facebook-core:4.42.0] AndroidManifest.xml:42:13-37
102
103        <receiver
103-->[com.facebook.android:facebook-core:4.42.0] AndroidManifest.xml:44:9-50:20
104            android:name="com.facebook.CurrentAccessTokenExpirationBroadcastReceiver"
104-->[com.facebook.android:facebook-core:4.42.0] AndroidManifest.xml:45:13-86
105            android:exported="false" >
105-->[com.facebook.android:facebook-core:4.42.0] AndroidManifest.xml:46:13-37
106            <intent-filter>
106-->[com.facebook.android:facebook-core:4.42.0] AndroidManifest.xml:47:13-49:29
107                <action android:name="com.facebook.sdk.ACTION_CURRENT_ACCESS_TOKEN_CHANGED" />
107-->[com.facebook.android:facebook-core:4.42.0] AndroidManifest.xml:48:17-95
107-->[com.facebook.android:facebook-core:4.42.0] AndroidManifest.xml:48:25-92
108            </intent-filter>
109        </receiver>
110    </application>
111
112</manifest>